2021-11-17 23:20:15,888  INFO [main] HomePageStepDefination:44 - landing at home page
2021-11-17 23:20:18,904  INFO [main] SignInStepDefination:37 - clicked on sign button
2021-11-17 23:20:19,152  INFO [main] SignInStepDefination:46 -  entered
2021-11-17 23:20:19,303  INFO [main] SignInStepDefination:49 -  entered
2021-11-17 23:20:23,068  INFO [main] SignInStepDefination:56 - clicked on summit button
2021-11-17 23:20:25,247  INFO [main] SignInStepDefination:37 - clicked on sign button
2021-11-17 23:20:25,695  INFO [main] SignInStepDefination:46 - simon@123 entered
2021-11-17 23:20:25,862  INFO [main] SignInStepDefination:49 - abcd entered
2021-11-17 23:20:28,359  INFO [main] SignInStepDefination:56 - clicked on summit button
2021-11-17 23:20:30,151  INFO [main] SignInStepDefination:37 - clicked on sign button
2021-11-17 23:20:30,830  INFO [main] SignInStepDefination:46 - JackNJill@gmail.com entered
2021-11-17 23:20:30,993  INFO [main] SignInStepDefination:49 - JackNJill entered
2021-11-17 23:20:31,104  INFO [main] SignInStepDefination:56 - clicked on summit button
2021-11-17 23:20:40,478  INFO [main] SearchProductStepDefiantion:33 - Search Box Activated
2021-11-17 23:20:53,928  INFO [main] SearchProductStepDefiantion:48 - enterd product name
2021-11-17 23:20:53,929  INFO [main] SearchProductStepDefiantion:53 - Successfully searched product - Diary
2021-11-17 23:20:54,194  INFO [main] SearchProductStepDefiantion:62 - Succesfully verified products are display!!
2021-11-17 23:20:57,657  INFO [main] ChristmasGiftStepDefination:29 - Successfully navigated to christmas Gifts...
2021-11-17 23:21:10,931  INFO [main] ChristmasGiftStepDefination:43 - Added product to Crad...
2021-11-17 23:21:34,706  INFO [main] ChristmasGiftStepDefination:59 - Proceed to checkout and returned to cart !!
2021-11-17 23:21:49,887  INFO [main] ShopByCategoryStepDefination:54 - added to wishList
2021-11-17 23:21:52,897  INFO [main] AllOfItStepDefination:26 - Navigated to All of it Page
2021-11-17 23:21:55,150  INFO [main] AllOfItStepDefination:35 - Verified Auto Rickshaw Pen Stand
2021-11-17 23:22:00,893  INFO [main] WishListStepDefination:29 - Wishlist Page
2021-11-17 23:22:03,377  INFO [main] WishListStepDefination:43 - Products are displayed in Wishlist
2021-11-17 23:22:06,256  INFO [main] AboutUsStepDefination:27 - About Us Page
2021-11-17 23:22:06,336  INFO [main] AboutUsStepDefination:33 - Verified title of About Us Page
2021-11-17 23:22:09,369  INFO [main] GiftCardStepDefination:27 - Gift Cards Page
2021-11-17 23:22:11,635  INFO [main] GiftCardStepDefination:34 - Added Gift Card to cart
2021-11-17 23:22:11,760  INFO [main] GiftCardStepDefination:41 - Verified cart
