2021-11-18 10:23:35,656  INFO [main] HomePageStepDefination:44 - landing at home page
2021-11-18 10:23:41,523  INFO [main] SignInStepDefination:37 - clicked on sign button
2021-11-18 10:23:44,454  INFO [main] SignInStepDefination:46 -  entered
2021-11-18 10:23:44,821  INFO [main] SignInStepDefination:49 -  entered
2021-11-18 10:23:51,239  INFO [main] SignInStepDefination:56 - clicked on summit button
2021-11-18 10:23:54,737  INFO [main] SignInStepDefination:37 - clicked on sign button
2021-11-18 10:23:55,723  INFO [main] SignInStepDefination:46 - simon@123 entered
2021-11-18 10:23:56,042  INFO [main] SignInStepDefination:49 - abcd entered
2021-11-18 10:23:56,699  INFO [main] SignInStepDefination:56 - clicked on summit button
2021-11-18 10:23:58,397  INFO [main] SignInStepDefination:37 - clicked on sign button
2021-11-18 10:23:59,313  INFO [main] SignInStepDefination:46 - JackNJill@gmail.com entered
2021-11-18 10:23:59,443  INFO [main] SignInStepDefination:49 - JackNJill entered
2021-11-18 10:24:02,309  INFO [main] SignInStepDefination:56 - clicked on summit button
2021-11-18 10:24:13,671  INFO [main] PersonalizedGiftStepDefination:55 - Successfully Sorted Products High to Low based on price
2021-11-18 10:24:13,702  INFO [main] SearchProductStepDefiantion:33 - Search Box Activated
2021-11-18 10:24:28,005  INFO [main] SearchProductStepDefiantion:48 - enterd product name
2021-11-18 10:24:28,010  INFO [main] SearchProductStepDefiantion:53 - Successfully searched product - Diary
2021-11-18 10:24:28,453  INFO [main] SearchProductStepDefiantion:62 - Succesfully verified products are display!!
2021-11-18 10:24:33,536  INFO [main] ChristmasGiftStepDefination:29 - Successfully navigated to christmas Gifts...
2021-11-18 10:24:49,453  INFO [main] ChristmasGiftStepDefination:43 - Added product to Crad...
2021-11-18 10:25:23,306  INFO [main] ChristmasGiftStepDefination:59 - Proceed to checkout and returned to cart !!
2021-11-18 10:25:37,252  INFO [main] ShopByCategoryStepDefination:54 - added to wishList
2021-11-18 10:25:41,367  INFO [main] AllOfItStepDefination:26 - Navigated to All of it Page
2021-11-18 10:25:43,497  INFO [main] AllOfItStepDefination:35 - Verified Auto Rickshaw Pen Stand
2021-11-18 10:25:49,214  INFO [main] WishListStepDefination:29 - Wishlist Page
2021-11-18 10:25:51,625  INFO [main] WishListStepDefination:43 - Products are displayed in Wishlist
2021-11-18 10:25:54,226  INFO [main] AboutUsStepDefination:27 - About Us Page
2021-11-18 10:25:54,307  INFO [main] AboutUsStepDefination:33 - Verified title of About Us Page
2021-11-18 10:25:58,319  INFO [main] GiftCardStepDefination:27 - Gift Cards Page
2021-11-18 10:26:01,059  INFO [main] GiftCardStepDefination:34 - Added Gift Card to cart
2021-11-18 10:26:01,205  INFO [main] GiftCardStepDefination:41 - Verified cart
