2021-11-22 12:19:19,208  INFO [main] HomePageStepDefination:44 - landing at home page
2021-11-22 12:19:43,268  INFO [main] SignInStepDefination:37 - clicked on sign button
2021-11-22 12:19:48,268  INFO [main] SignInStepDefination:46 -  entered
2021-11-22 12:19:49,564  INFO [main] SignInStepDefination:49 -  entered
2021-11-22 12:19:57,464  INFO [main] SignInStepDefination:56 - clicked on summit button
2021-11-22 12:20:09,622  INFO [main] SignInStepDefination:37 - clicked on sign button
2021-11-22 12:20:11,830  INFO [main] SignInStepDefination:46 - Priya@123 entered
2021-11-22 12:20:12,041  INFO [main] SignInStepDefination:49 - Hello entered
2021-11-22 12:20:18,758  INFO [main] SignInStepDefination:56 - clicked on summit button
2021-11-22 12:20:21,701  INFO [main] SignInStepDefination:37 - clicked on sign button
2021-11-22 12:20:23,991  INFO [main] SignInStepDefination:46 - priyankabodke345@gmail.com entered
2021-11-22 12:20:24,131  INFO [main] SignInStepDefination:49 - Priya@99 entered
2021-11-22 12:20:27,498  INFO [main] SignInStepDefination:56 - clicked on summit button
2021-11-22 12:20:42,129  INFO [main] PersonalizedGiftStepDefination:55 - Successfully Sorted Products High to Low based on price
2021-11-22 12:20:43,194  INFO [main] SearchProductStepDefiantion:33 - Search Box Activated
2021-11-22 12:21:03,069  INFO [main] SearchProductStepDefiantion:48 - enterd product name
2021-11-22 12:21:03,075  INFO [main] SearchProductStepDefiantion:53 - Successfully searched product - Diary
2021-11-22 12:21:04,012  INFO [main] SearchProductStepDefiantion:62 - Succesfully verified products are display!!
2021-11-22 12:21:09,732  INFO [main] ChristmasGiftStepDefination:29 - Successfully navigated to christmas Gifts...
2021-11-22 12:21:37,045  INFO [main] ChristmasGiftStepDefination:43 - Added product to Crad...
2021-11-22 12:22:34,004  INFO [main] ChristmasGiftStepDefination:59 - Proceed to checkout and returned to cart !!
2021-11-22 12:22:54,830  INFO [main] ShopByCategoryStepDefination:54 - added to wishList
2021-11-22 12:23:00,000  INFO [main] AllOfItStepDefination:26 - Navigated to All of it Page
2021-11-22 12:23:02,583  INFO [main] AllOfItStepDefination:35 - Verified Auto Rickshaw Pen Stand
2021-11-22 12:23:09,103  INFO [main] WishListStepDefination:29 - Wishlist Page
2021-11-22 12:23:11,587  INFO [main] WishListStepDefination:43 - Products are displayed in Wishlist
2021-11-22 12:23:14,570  INFO [main] AboutUsStepDefination:27 - About Us Page
2021-11-22 12:23:14,656  INFO [main] AboutUsStepDefination:33 - Verified title of About Us Page
2021-11-22 12:23:19,416  INFO [main] GiftCardStepDefination:27 - Gift Cards Page
2021-11-22 12:23:21,725  INFO [main] GiftCardStepDefination:34 - Added Gift Card to cart
2021-11-22 12:23:22,102  INFO [main] GiftCardStepDefination:41 - Verified cart
2021-11-22 12:23:27,375  INFO [main] ContactUsStepDefination:36 - contact us page open...
