2021-11-22 18:29:40,251  INFO [main] HomePageStepDefination:44 - landing at home page
2021-11-22 18:29:50,678  INFO [main] SignInStepDefination:37 - clicked on sign button
2021-11-22 18:29:52,372  INFO [main] SignInStepDefination:46 -  entered
2021-11-22 18:29:52,738  INFO [main] SignInStepDefination:49 -  entered
2021-11-22 18:29:58,077  INFO [main] SignInStepDefination:56 - clicked on summit button
2021-11-22 18:30:00,515  INFO [main] SignInStepDefination:37 - clicked on sign button
2021-11-22 18:30:03,163  INFO [main] SignInStepDefination:46 - Priya@123 entered
2021-11-22 18:30:03,552  INFO [main] SignInStepDefination:49 - Hello entered
2021-11-22 18:30:04,293  INFO [main] SignInStepDefination:56 - clicked on summit button
2021-11-22 18:30:07,933  INFO [main] SignInStepDefination:37 - clicked on sign button
2021-11-22 18:30:08,184  INFO [main] SignInStepDefination:46 - priyankabodke345@gmail.com entered
2021-11-22 18:30:08,439  INFO [main] SignInStepDefination:49 - Priya@99 entered
2021-11-22 18:30:12,038  INFO [main] SignInStepDefination:56 - clicked on summit button
2021-11-22 18:30:25,483  INFO [main] PersonalizedGiftStepDefination:56 - Successfully Sorted Products High to Low based on price
2021-11-22 18:30:25,950  INFO [main] SearchProductStepDefiantion:33 - Search Box Activated
2021-11-22 18:30:41,379  INFO [main] SearchProductStepDefiantion:48 - enterd product name
2021-11-22 18:30:41,382  INFO [main] SearchProductStepDefiantion:53 - Successfully searched product - Diary
2021-11-22 18:30:42,112  INFO [main] SearchProductStepDefiantion:62 - Succesfully verified products are display!!
2021-11-22 18:30:48,122  INFO [main] ChristmasGiftStepDefination:29 - Successfully navigated to christmas Gifts...
2021-11-22 18:31:03,353  INFO [main] ChristmasGiftStepDefination:43 - Added product to Crad...
2021-11-22 18:31:31,838  INFO [main] ChristmasGiftStepDefination:59 - Proceed to checkout and returned to cart !!
2021-11-22 18:31:44,287  INFO [main] ShopByCategoryStepDefination:54 - added to wishList
2021-11-22 18:31:48,920  INFO [main] AllOfItStepDefination:26 - Navigated to All of it Page
2021-11-22 18:31:51,077  INFO [main] AllOfItStepDefination:35 - Verified Auto Rickshaw Pen Stand
2021-11-22 18:31:57,189  INFO [main] WishListStepDefination:29 - Wishlist Page
2021-11-22 18:31:59,724  INFO [main] WishListStepDefination:43 - Products are displayed in Wishlist
2021-11-22 18:32:02,899  INFO [main] AboutUsStepDefination:27 - About Us Page
2021-11-22 18:32:02,996  INFO [main] AboutUsStepDefination:33 - Verified title of About Us Page
2021-11-22 18:32:06,170  INFO [main] GiftCardStepDefination:27 - Gift Cards Page
2021-11-22 18:32:08,481  INFO [main] GiftCardStepDefination:34 - Added Gift Card to cart
2021-11-22 18:32:08,641  INFO [main] GiftCardStepDefination:41 - Verified cart
2021-11-22 18:32:12,105  INFO [main] ContactUsStepDefination:37 - contact us page open...
2021-11-22 18:32:13,611  INFO [main] ContactUsStepDefination:57 - Title verified successfully 
