2021-11-17 20:23:03,705  INFO [main] HomePageStepDefination:44 - landing at home page
2021-11-17 20:23:10,637  INFO [main] SignInStepDefination:37 - clicked on sign button
2021-11-17 20:23:11,053  INFO [main] SignInStepDefination:46 -  entered
2021-11-17 20:23:11,174  INFO [main] SignInStepDefination:49 -  entered
2021-11-17 20:23:15,942  INFO [main] SignInStepDefination:56 - clicked on summit button
2021-11-17 20:23:18,668  INFO [main] SignInStepDefination:37 - clicked on sign button
2021-11-17 20:23:19,631  INFO [main] SignInStepDefination:46 - simon@123 entered
2021-11-17 20:23:19,786  INFO [main] SignInStepDefination:49 - abcd entered
2021-11-17 20:23:19,910  INFO [main] SignInStepDefination:56 - clicked on summit button
2021-11-17 20:23:22,079  INFO [main] SignInStepDefination:37 - clicked on sign button
2021-11-17 20:23:23,201  INFO [main] SignInStepDefination:46 - JackNJill@gmail.com entered
2021-11-17 20:23:23,338  INFO [main] SignInStepDefination:49 - JackNJill entered
2021-11-17 20:23:26,571  INFO [main] SignInStepDefination:56 - clicked on summit button
2021-11-17 20:23:35,182  INFO [main] PersonalizedGiftStepDefination:55 - Successfully Sorted Products High to Low based on price
2021-11-17 20:23:35,226  INFO [main] SearchProductStepDefiantion:33 - Search Box Activated
2021-11-17 20:23:48,880  INFO [main] SearchProductStepDefiantion:48 - enterd product name
2021-11-17 20:23:48,883  INFO [main] SearchProductStepDefiantion:53 - Successfully searched product - Diary
2021-11-17 20:23:49,276  INFO [main] SearchProductStepDefiantion:62 - Succesfully verified products are display!!
2021-11-17 20:23:52,856  INFO [main] ChristmasGiftStepDefination:29 - Successfully navigated to christmas Gifts...
2021-11-17 20:24:03,622  INFO [main] ChristmasGiftStepDefination:43 - Added product to Crad...
