2021-11-19 12:39:49,319  INFO [main] SignInStepDefination:37 - clicked on sign button
2021-11-19 12:39:50,129  INFO [main] SignInStepDefination:46 - simon@123 entered
2021-11-19 12:39:50,480  INFO [main] SignInStepDefination:49 - abcd entered
2021-11-19 12:39:50,890  INFO [main] SignInStepDefination:56 - clicked on summit button
2021-11-19 12:39:55,372  INFO [main] SignInStepDefination:37 - clicked on sign button
2021-11-19 12:40:06,755  INFO [main] PersonalizedGiftStepDefination:55 - Successfully Sorted Products High to Low based on price
2021-11-19 12:40:06,774  INFO [main] SearchProductStepDefiantion:33 - Search Box Activated
2021-11-19 12:40:12,468  INFO [main] SearchProductStepDefiantion:48 - enterd product name
2021-11-19 12:40:12,469  INFO [main] SearchProductStepDefiantion:53 - Successfully searched product - Diary
2021-11-19 12:40:12,801  INFO [main] SearchProductStepDefiantion:62 - Succesfully verified products are display!!
2021-11-19 12:40:15,580  INFO [main] ChristmasGiftStepDefination:29 - Successfully navigated to christmas Gifts...
2021-11-19 12:40:23,090  INFO [main] ChristmasGiftStepDefination:43 - Added product to Crad...
2021-11-19 12:40:36,815  INFO [main] ChristmasGiftStepDefination:59 - Proceed to checkout and returned to cart !!
2021-11-19 12:40:47,935  INFO [main] ShopByCategoryStepDefination:54 - added to wishList
2021-11-19 12:40:50,576  INFO [main] AllOfItStepDefination:26 - Navigated to All of it Page
2021-11-19 12:40:52,673  INFO [main] AllOfItStepDefination:35 - Verified Auto Rickshaw Pen Stand
2021-11-19 12:40:58,128  INFO [main] WishListStepDefination:29 - Wishlist Page
2021-11-19 12:41:00,435  INFO [main] WishListStepDefination:43 - Products are displayed in Wishlist
2021-11-19 12:41:02,341  INFO [main] AboutUsStepDefination:27 - About Us Page
2021-11-19 12:41:02,435  INFO [main] AboutUsStepDefination:33 - Verified title of About Us Page
2021-11-19 12:41:05,077  INFO [main] GiftCardStepDefination:27 - Gift Cards Page
2021-11-19 12:41:07,611  INFO [main] GiftCardStepDefination:34 - Added Gift Card to cart
2021-11-19 12:41:07,740  INFO [main] GiftCardStepDefination:41 - Verified cart
2021-11-19 12:41:10,218  INFO [main] ContactUsStepDefination:36 - contact us page open...
2021-11-19 12:41:11,347  INFO [main] ContactUsStepDefination:56 - Title verified successfully 
