2021-11-22 17:15:23,990  INFO [main] HomePageStepDefination:44 - landing at home page
2021-11-22 17:15:38,137  INFO [main] SignInStepDefination:37 - clicked on sign button
2021-11-22 17:15:41,115  INFO [main] SignInStepDefination:46 -  entered
2021-11-22 17:15:41,702  INFO [main] SignInStepDefination:49 -  entered
2021-11-22 17:15:47,316  INFO [main] SignInStepDefination:56 - clicked on summit button
2021-11-22 17:15:52,253  INFO [main] SignInStepDefination:37 - clicked on sign button
2021-11-22 17:15:53,764  INFO [main] SignInStepDefination:46 - Priya@123 entered
2021-11-22 17:15:55,054  INFO [main] SignInStepDefination:49 - Hello entered
2021-11-22 17:15:56,621  INFO [main] SignInStepDefination:56 - clicked on summit button
2021-11-22 17:15:58,971  INFO [main] SignInStepDefination:37 - clicked on sign button
2021-11-22 17:16:00,497  INFO [main] SignInStepDefination:46 - priyankabodke345@gmail.com entered
2021-11-22 17:16:00,684  INFO [main] SignInStepDefination:49 - Priya@99 entered
2021-11-22 17:16:01,415  INFO [main] SignInStepDefination:56 - clicked on summit button
2021-11-22 17:16:17,596  INFO [main] PersonalizedGiftStepDefination:55 - Successfully Sorted Products High to Low based on price
2021-11-22 17:16:18,275  INFO [main] SearchProductStepDefiantion:33 - Search Box Activated
2021-11-22 17:16:37,004  INFO [main] SearchProductStepDefiantion:48 - enterd product name
2021-11-22 17:16:37,006  INFO [main] SearchProductStepDefiantion:53 - Successfully searched product - Diary
2021-11-22 17:16:37,551  INFO [main] SearchProductStepDefiantion:62 - Succesfully verified products are display!!
2021-11-22 17:16:42,253  INFO [main] ChristmasGiftStepDefination:29 - Successfully navigated to christmas Gifts...
2021-11-22 17:16:54,556  INFO [main] ChristmasGiftStepDefination:43 - Added product to Crad...
2021-11-22 17:17:31,871  INFO [main] ChristmasGiftStepDefination:59 - Proceed to checkout and returned to cart !!
2021-11-22 17:17:46,687  INFO [main] ShopByCategoryStepDefination:54 - added to wishList
2021-11-22 17:17:51,700  INFO [main] AllOfItStepDefination:26 - Navigated to All of it Page
2021-11-22 17:17:53,818  INFO [main] AllOfItStepDefination:35 - Verified Auto Rickshaw Pen Stand
2021-11-22 17:18:00,169  INFO [main] WishListStepDefination:29 - Wishlist Page
2021-11-22 17:18:02,786  INFO [main] WishListStepDefination:43 - Products are displayed in Wishlist
2021-11-22 17:18:05,940  INFO [main] AboutUsStepDefination:27 - About Us Page
2021-11-22 17:18:06,039  INFO [main] AboutUsStepDefination:33 - Verified title of About Us Page
2021-11-22 17:18:08,572  INFO [main] GiftCardStepDefination:27 - Gift Cards Page
2021-11-22 17:18:11,287  INFO [main] GiftCardStepDefination:34 - Added Gift Card to cart
2021-11-22 17:18:11,429  INFO [main] GiftCardStepDefination:41 - Verified cart
2021-11-22 17:18:14,523  INFO [main] ContactUsStepDefination:36 - contact us page open...
2021-11-22 17:18:16,093  INFO [main] ContactUsStepDefination:56 - Title verified successfully 
