2021-11-22 18:20:43,638  INFO [main] HomePageStepDefination:44 - landing at home page
2021-11-22 18:20:59,182  INFO [main] SignInStepDefination:37 - clicked on sign button
2021-11-22 18:21:00,384  INFO [main] SignInStepDefination:46 -  entered
2021-11-22 18:21:00,964  INFO [main] SignInStepDefination:49 -  entered
2021-11-22 18:21:05,669  INFO [main] SignInStepDefination:56 - clicked on summit button
2021-11-22 18:21:10,385  INFO [main] SignInStepDefination:37 - clicked on sign button
2021-11-22 18:21:11,747  INFO [main] SignInStepDefination:46 - Priya@123 entered
2021-11-22 18:21:12,072  INFO [main] SignInStepDefination:49 - Hello entered
2021-11-22 18:21:12,845  INFO [main] SignInStepDefination:56 - clicked on summit button
2021-11-22 18:21:16,218  INFO [main] SignInStepDefination:37 - clicked on sign button
2021-11-22 18:21:16,485  INFO [main] SignInStepDefination:46 - priyankabodke345@gmail.com entered
2021-11-22 18:21:16,687  INFO [main] SignInStepDefination:49 - Priya@99 entered
2021-11-22 18:21:16,785  INFO [main] SignInStepDefination:56 - clicked on summit button
2021-11-22 18:21:31,784  INFO [main] PersonalizedGiftStepDefination:55 - Successfully Sorted Products High to Low based on price
2021-11-22 18:21:32,303  INFO [main] SearchProductStepDefiantion:33 - Search Box Activated
2021-11-22 18:21:47,018  INFO [main] SearchProductStepDefiantion:48 - enterd product name
2021-11-22 18:21:47,022  INFO [main] SearchProductStepDefiantion:53 - Successfully searched product - Diary
2021-11-22 18:21:47,941  INFO [main] SearchProductStepDefiantion:62 - Succesfully verified products are display!!
2021-11-22 18:21:53,591  INFO [main] ChristmasGiftStepDefination:29 - Successfully navigated to christmas Gifts...
2021-11-22 18:22:06,744  INFO [main] ChristmasGiftStepDefination:43 - Added product to Crad...
2021-11-22 18:22:48,214  INFO [main] ChristmasGiftStepDefination:59 - Proceed to checkout and returned to cart !!
2021-11-22 18:23:03,961  INFO [main] ShopByCategoryStepDefination:54 - added to wishList
2021-11-22 18:23:08,024  INFO [main] AllOfItStepDefination:26 - Navigated to All of it Page
2021-11-22 18:23:10,157  INFO [main] AllOfItStepDefination:35 - Verified Auto Rickshaw Pen Stand
2021-11-22 18:23:16,502  INFO [main] WishListStepDefination:29 - Wishlist Page
2021-11-22 18:23:19,051  INFO [main] WishListStepDefination:43 - Products are displayed in Wishlist
2021-11-22 18:23:22,720  INFO [main] AboutUsStepDefination:27 - About Us Page
2021-11-22 18:23:22,820  INFO [main] AboutUsStepDefination:33 - Verified title of About Us Page
2021-11-22 18:23:26,213  INFO [main] GiftCardStepDefination:27 - Gift Cards Page
2021-11-22 18:23:28,503  INFO [main] GiftCardStepDefination:34 - Added Gift Card to cart
2021-11-22 18:23:28,682  INFO [main] GiftCardStepDefination:41 - Verified cart
2021-11-22 18:23:31,769  INFO [main] ContactUsStepDefination:36 - contact us page open...
2021-11-22 18:23:32,960  INFO [main] ContactUsStepDefination:56 - Title verified successfully 
