2021-11-22 15:55:02,791  INFO [main] HomePageStepDefination:44 - landing at home page
2021-11-22 15:55:20,772  INFO [main] SignInStepDefination:37 - clicked on sign button
2021-11-22 15:55:28,977  INFO [main] SignInStepDefination:46 -  entered
2021-11-22 15:55:29,484  INFO [main] SignInStepDefination:49 -  entered
2021-11-22 15:56:00,061  INFO [main] SignInStepDefination:56 - clicked on summit button
2021-11-22 15:56:05,575  INFO [main] SignInStepDefination:37 - clicked on sign button
2021-11-22 15:56:07,551  INFO [main] SignInStepDefination:46 - Priya@123 entered
2021-11-22 15:56:07,884  INFO [main] SignInStepDefination:49 - Hello entered
2021-11-22 15:56:08,792  INFO [main] SignInStepDefination:56 - clicked on summit button
2021-11-22 15:56:11,405  INFO [main] SignInStepDefination:37 - clicked on sign button
2021-11-22 15:56:12,995  INFO [main] SignInStepDefination:46 - priyankabodke345@gmail.com entered
2021-11-22 15:56:13,242  INFO [main] SignInStepDefination:49 - Priya@99 entered
2021-11-22 15:56:13,929  INFO [main] SignInStepDefination:56 - clicked on summit button
2021-11-22 15:56:30,780  INFO [main] SearchProductStepDefiantion:33 - Search Box Activated
2021-11-22 15:56:56,579  INFO [main] SearchProductStepDefiantion:48 - enterd product name
2021-11-22 15:56:56,580  INFO [main] SearchProductStepDefiantion:53 - Successfully searched product - Diary
2021-11-22 15:56:57,181  INFO [main] SearchProductStepDefiantion:62 - Succesfully verified products are display!!
2021-11-22 15:57:05,795  INFO [main] ChristmasGiftStepDefination:29 - Successfully navigated to christmas Gifts...
2021-11-22 15:57:23,634  INFO [main] ChristmasGiftStepDefination:43 - Added product to Crad...
2021-11-22 15:58:29,862  INFO [main] ChristmasGiftStepDefination:59 - Proceed to checkout and returned to cart !!
2021-11-22 15:58:49,680  INFO [main] ShopByCategoryStepDefination:54 - added to wishList
2021-11-22 15:58:53,592  INFO [main] AllOfItStepDefination:26 - Navigated to All of it Page
2021-11-22 15:58:55,965  INFO [main] AllOfItStepDefination:35 - Verified Auto Rickshaw Pen Stand
2021-11-22 15:59:02,779  INFO [main] WishListStepDefination:29 - Wishlist Page
2021-11-22 15:59:05,211  INFO [main] WishListStepDefination:43 - Products are displayed in Wishlist
2021-11-22 15:59:08,886  INFO [main] AboutUsStepDefination:27 - About Us Page
2021-11-22 15:59:09,235  INFO [main] AboutUsStepDefination:33 - Verified title of About Us Page
2021-11-22 15:59:12,860  INFO [main] GiftCardStepDefination:27 - Gift Cards Page
2021-11-22 15:59:15,656  INFO [main] GiftCardStepDefination:34 - Added Gift Card to cart
2021-11-22 15:59:15,743  INFO [main] GiftCardStepDefination:41 - Verified cart
2021-11-22 15:59:19,283  INFO [main] ContactUsStepDefination:36 - contact us page open...
