2021-11-19 13:53:31,272  INFO [main] HomePageStepDefination:44 - landing at home page
2021-11-19 13:53:44,443  INFO [main] SignInStepDefination:37 - clicked on sign button
2021-11-19 13:53:45,913  INFO [main] SignInStepDefination:46 -  entered
2021-11-19 13:53:46,131  INFO [main] SignInStepDefination:49 -  entered
2021-11-19 13:53:52,375  INFO [main] SignInStepDefination:56 - clicked on summit button
2021-11-19 13:53:55,084  INFO [main] SignInStepDefination:37 - clicked on sign button
2021-11-19 13:53:57,223  INFO [main] SignInStepDefination:46 - simon@123 entered
2021-11-19 13:53:57,792  INFO [main] SignInStepDefination:49 - abcd entered
2021-11-19 13:53:58,218  INFO [main] SignInStepDefination:56 - clicked on summit button
2021-11-19 13:54:00,194  INFO [main] SignInStepDefination:37 - clicked on sign button
2021-11-19 13:54:00,882  INFO [main] SignInStepDefination:46 - JackNJill@gmail.com entered
2021-11-19 13:54:01,189  INFO [main] SignInStepDefination:49 - JackNJill entered
2021-11-19 13:54:05,966  INFO [main] SignInStepDefination:56 - clicked on summit button
2021-11-19 13:54:26,391  INFO [main] PersonalizedGiftStepDefination:55 - Successfully Sorted Products High to Low based on price
2021-11-19 13:54:27,365  INFO [main] SearchProductStepDefiantion:33 - Search Box Activated
2021-11-19 13:54:45,822  INFO [main] SearchProductStepDefiantion:48 - enterd product name
2021-11-19 13:54:45,825  INFO [main] SearchProductStepDefiantion:53 - Successfully searched product - Diary
2021-11-19 13:54:46,285  INFO [main] SearchProductStepDefiantion:62 - Succesfully verified products are display!!
2021-11-19 13:54:53,032  INFO [main] ChristmasGiftStepDefination:29 - Successfully navigated to christmas Gifts...
2021-11-19 13:55:10,510  INFO [main] ChristmasGiftStepDefination:43 - Added product to Crad...
2021-11-19 13:55:33,015  INFO [main] ChristmasGiftStepDefination:59 - Proceed to checkout and returned to cart !!
2021-11-19 13:55:49,734  INFO [main] ShopByCategoryStepDefination:54 - added to wishList
2021-11-19 13:55:53,268  INFO [main] AllOfItStepDefination:26 - Navigated to All of it Page
2021-11-19 13:55:55,449  INFO [main] AllOfItStepDefination:35 - Verified Auto Rickshaw Pen Stand
2021-11-19 13:56:01,420  INFO [main] WishListStepDefination:29 - Wishlist Page
2021-11-19 13:56:03,969  INFO [main] WishListStepDefination:43 - Products are displayed in Wishlist
2021-11-19 13:56:06,336  INFO [main] AboutUsStepDefination:27 - About Us Page
2021-11-19 13:56:06,446  INFO [main] AboutUsStepDefination:33 - Verified title of About Us Page
2021-11-19 13:56:09,217  INFO [main] GiftCardStepDefination:27 - Gift Cards Page
2021-11-19 13:56:11,583  INFO [main] GiftCardStepDefination:34 - Added Gift Card to cart
2021-11-19 13:56:11,631  INFO [main] GiftCardStepDefination:41 - Verified cart
2021-11-19 13:56:14,356  INFO [main] ContactUsStepDefination:36 - contact us page open...
2021-11-19 13:56:15,280  INFO [main] ContactUsStepDefination:56 - Title verified successfully 
