2021-11-22 17:21:07,529  INFO [main] BigSmall:61 - landing at home page
2021-11-22 17:21:11,208  INFO [main] BigSmall:87 - clicked on sign button
2021-11-22 17:21:12,555  INFO [main] BigSmall:95 -  entered
2021-11-22 17:21:12,792  INFO [main] BigSmall:98 -  entered
2021-11-22 17:21:17,254  INFO [main] BigSmall:100 - clicked on summit button
2021-11-22 17:21:24,710  INFO [main] BigSmall:87 - clicked on sign button
2021-11-22 17:21:25,540  INFO [main] BigSmall:95 - simon@123 entered
2021-11-22 17:21:25,723  INFO [main] BigSmall:98 - abcd entered
2021-11-22 17:21:25,858  INFO [main] BigSmall:100 - clicked on summit button
2021-11-22 17:21:33,376  INFO [main] BigSmall:87 - clicked on sign button
2021-11-22 17:21:34,571  INFO [main] BigSmall:95 - JackNJill@gmail.com entered
2021-11-22 17:21:34,816  INFO [main] BigSmall:98 - JackNJill@123 entered
2021-11-22 17:21:35,004  INFO [main] BigSmall:100 - clicked on summit button
2021-11-22 17:22:09,235  INFO [main] BigSmall:227 - added to wishList
2021-11-22 17:22:28,172  INFO [main] BigSmall:152 - enterd product name
2021-11-22 17:22:28,525  INFO [main] BigSmall:155 - Succesfully verified products are display!!
2021-11-22 17:22:32,173  INFO [main] BigSmall:186 - Successfully navigated to christmas Gifts...
2021-11-22 17:22:42,413  INFO [main] BigSmall:194 - Added product to Crad...
2021-11-22 17:23:03,285  INFO [main] BigSmall:204 - Proceed to checkout and returned to cart !!
2021-11-22 17:23:08,992  INFO [main] BigSmall:238 - Navigated to All of it Page
2021-11-22 17:23:09,149  INFO [main] BigSmall:241 - Verified Auto Rickshaw Pen Stand
2021-11-22 17:23:15,610  INFO [main] BigSmall:249 - Wishlist Page
2021-11-22 17:23:18,194  INFO [main] BigSmall:256 - Products are displayed in Wishlist
2021-11-22 17:23:21,265  INFO [main] BigSmall:262 - About Us Page
2021-11-22 17:23:21,414  INFO [main] BigSmall:265 - Verified title of About Us Page
2021-11-22 17:23:24,694  INFO [main] BigSmall:271 - Gift Cards Page
2021-11-22 17:23:27,472  INFO [main] BigSmall:275 - Added Gift Card to cart
2021-11-22 17:23:27,600  INFO [main] BigSmall:278 - Verified cart
